<?xml version="1.0" encoding="UTF-8"?>
<!-- Generated by org.testng.reporters.JUnitReportReporter -->
<testsuite skipped="0" hostname="DESKTOP-GDVE49C" name="testng.AnnotationsExample" tests="3" failures="0" timestamp="04 Jun 2020 07:09:17 GMT" time="0.068" errors="0">
  <testcase name="testMethodThree" time="0.018" classname="testng.AnnotationsExample"/>
  <testcase name="testMethodTwo" time="0.007" classname="testng.AnnotationsExample"/>
  <testcase name="testMethodOne" time="0.043" classname="testng.AnnotationsExample"/>
</testsuite> <!-- testng.AnnotationsExample -->
