<?xml version="1.0" encoding="UTF-8"?>
<!-- Generated by org.testng.reporters.JUnitReportReporter -->
<testsuite skipped="2" hostname="DESKTOP-GDVE49C" name="testng.TestAnnotationsExample" tests="7" failures="0" timestamp="04 Jun 2020 07:02:23 GMT" time="0.058" errors="0">
  <testcase name="assertTestE" time="0.022" classname="testng.TestAnnotationsExample"/>
  <testcase name="assertTestB" time="0.010" classname="testng.TestAnnotationsExample"/>
  <testcase name="assertTestA" time="0.014" classname="testng.TestAnnotationsExample"/>
  <testcase name="assertTestD" time="0.004" classname="testng.TestAnnotationsExample"/>
  <testcase name="assertTestC" time="0.008" classname="testng.TestAnnotationsExample"/>
  <testcase name="assertDependsOnMethodTest" classname="testng.TestAnnotationsExample">
    <skipped/>
  </testcase> <!-- assertDependsOnMethodTest -->
  <testcase name="assertDependsOnGroupsTest" classname="testng.TestAnnotationsExample">
    <skipped/>
  </testcase> <!-- assertDependsOnGroupsTest -->
</testsuite> <!-- testng.TestAnnotationsExample -->
