<?xml version="1.0" encoding="UTF-8"?>
<!-- Generated by org.testng.reporters.JUnitReportReporter -->
<testsuite skipped="10" hostname="DESKTOP-GDVE49C" name="testng.TestAttributesExample" tests="12" failures="0" timestamp="05 Jun 2020 06:56:17 GMT" time="4.065" errors="0">
  <testcase name="assertParametersTest" time="2.029" classname="testng.TestAttributesExample"/>
  <testcase name="assertParametersTest" time="2.036" classname="testng.TestAttributesExample"/>
  <testcase name="assertTestE" classname="testng.TestAttributesExample">
    <skipped/>
  </testcase> <!-- assertTestE -->
  <testcase name="assertTestE" classname="testng.TestAttributesExample">
    <skipped/>
  </testcase> <!-- assertTestE -->
  <testcase name="assertTestB" classname="testng.TestAttributesExample">
    <skipped/>
  </testcase> <!-- assertTestB -->
  <testcase name="assertTestB" classname="testng.TestAttributesExample">
    <skipped/>
  </testcase> <!-- assertTestB -->
  <testcase name="assertTestC" classname="testng.TestAttributesExample">
    <skipped/>
  </testcase> <!-- assertTestC -->
  <testcase name="assertTestC" classname="testng.TestAttributesExample">
    <skipped/>
  </testcase> <!-- assertTestC -->
  <testcase name="assertTestD" classname="testng.TestAttributesExample">
    <skipped/>
  </testcase> <!-- assertTestD -->
  <testcase name="assertTestD" classname="testng.TestAttributesExample">
    <skipped/>
  </testcase> <!-- assertTestD -->
  <testcase name="assertTestA" classname="testng.TestAttributesExample">
    <skipped/>
  </testcase> <!-- assertTestA -->
  <testcase name="assertTestA" classname="testng.TestAttributesExample">
    <skipped/>
  </testcase> <!-- assertTestA -->
</testsuite> <!-- testng.TestAttributesExample -->
