<?xml version="1.0" encoding="UTF-8"?>
<!-- Generated by org.testng.reporters.JUnitReportReporter -->
<testsuite skipped="0" hostname="DESKTOP-GDVE49C" name="testng.AnnotationsExample" tests="3" failures="0" timestamp="04 Jun 2020 18:27:40 GMT" time="0.016" errors="0">
  <testcase name="testMethodTwo" time="0.008" classname="testng.AnnotationsExample"/>
  <testcase name="testMethodThree" time="0.004" classname="testng.AnnotationsExample"/>
  <testcase name="testMethodOne" time="0.004" classname="testng.AnnotationsExample"/>
</testsuite> <!-- testng.AnnotationsExample -->
