<?xml version="1.0" encoding="UTF-8"?>
<!-- Generated by org.testng.reporters.JUnitReportReporter -->
<testsuite skipped="0" hostname="DESKTOP-GDVE49C" name="testng.ParametersAndDataProviderExample" tests="7" failures="0" timestamp="06 Jun 2020 11:57:45 GMT" time="14.316" errors="0">
  <testcase name="assertExternalDataProviderTest" time="2.038" classname="testng.ParametersAndDataProviderExample"/>
  <testcase name="assertExternalDataProviderTest" time="2.068" classname="testng.ParametersAndDataProviderExample"/>
  <testcase name="assertExternalDataProviderTest" time="2.048" classname="testng.ParametersAndDataProviderExample"/>
  <testcase name="assertExternalDataProviderTest" time="2.038" classname="testng.ParametersAndDataProviderExample"/>
  <testcase name="assertExternalDataProviderTest" time="2.038" classname="testng.ParametersAndDataProviderExample"/>
  <testcase name="assertExternalDataProviderTest" time="2.038" classname="testng.ParametersAndDataProviderExample"/>
  <testcase name="assertExternalDataProviderTest" time="2.048" classname="testng.ParametersAndDataProviderExample"/>
</testsuite> <!-- testng.ParametersAndDataProviderExample -->
