<?xml version="1.0" encoding="UTF-8"?>
<!-- Generated by org.testng.reporters.JUnitReportReporter -->
<testsuite skipped="10" hostname="DESKTOP-GDVE49C" name="testng.TestAttributesExample" tests="22" failures="0" timestamp="04 Jun 2020 19:31:39 GMT" time="4.388" errors="2">
  <testcase name="assertParametersTest" time="0.042" classname="testng.TestAttributesExample"/>
  <testcase name="assertTimeOutTest" time="2.044" classname="testng.TestAttributesExample">
    <error type="org.testng.internal.thread.ThreadTimeoutException" message="Method testng.TestAttributesExample.assertTimeOutTest() didn&#039;t finish within the time-out 2000">
      <![CDATA[org.testng.internal.thread.ThreadTimeoutException: Method testng.TestAttributesExample.assertTimeOutTest() didn't finish within the time-out 2000
	at org.testng.internal.MethodInvocationHelper.invokeWithTimeoutWithNoExecutor(MethodInvocationHelper.java:264)
	at org.testng.internal.MethodInvocationHelper.invokeWithTimeout(MethodInvocationHelper.java:246)
	at org.testng.internal.Invoker.invokeMethod(Invoker.java:675)
	at org.testng.internal.Invoker.invokeTestMethod(Invoker.java:877)
	at org.testng.internal.Invoker.invokeTestMethods(Invoker.java:1201)
	at org.testng.internal.TestMethodWorker.invokeTestMethods(TestMethodWorker.java:125)
	at org.testng.internal.TestMethodWorker.run(TestMethodWorker.java:109)
	at java.util.concurrent.ThreadPoolExecutor.runWorker(Unknown Source)
	at java.util.concurrent.ThreadPoolExecutor$Worker.run(Unknown Source)
	at java.lang.Thread.run(Unknown Source)
]]>
    </error>
  </testcase> <!-- assertTimeOutTest -->
  <testcase name="assertParametersTest" time="0.004" classname="testng.TestAttributesExample"/>
  <testcase name="assertValidExceptionTest" time="0.043" classname="testng.TestAttributesExample"/>
  <testcase name="assertStatementDownloadTest" time="0.039" classname="testng.TestAttributesExample"/>
  <testcase name="assertValidExceptionTest" time="0.036" classname="testng.TestAttributesExample"/>
  <testcase name="assertTimeOutTest" time="2.078" classname="testng.TestAttributesExample">
    <error type="org.testng.internal.thread.ThreadTimeoutException" message="Method testng.TestAttributesExample.assertTimeOutTest() didn&#039;t finish within the time-out 2000">
      <![CDATA[org.testng.internal.thread.ThreadTimeoutException: Method testng.TestAttributesExample.assertTimeOutTest() didn't finish within the time-out 2000
	at org.testng.internal.MethodInvocationHelper.invokeWithTimeoutWithNoExecutor(MethodInvocationHelper.java:264)
	at org.testng.internal.MethodInvocationHelper.invokeWithTimeout(MethodInvocationHelper.java:246)
	at org.testng.internal.Invoker.invokeMethod(Invoker.java:675)
	at org.testng.internal.Invoker.invokeTestMethod(Invoker.java:877)
	at org.testng.internal.Invoker.invokeTestMethods(Invoker.java:1201)
	at org.testng.internal.TestMethodWorker.invokeTestMethods(TestMethodWorker.java:125)
	at org.testng.internal.TestMethodWorker.run(TestMethodWorker.java:109)
	at java.util.concurrent.ThreadPoolExecutor.runWorker(Unknown Source)
	at java.util.concurrent.ThreadPoolExecutor$Worker.run(Unknown Source)
	at java.lang.Thread.run(Unknown Source)
]]>
    </error>
  </testcase> <!-- assertTimeOutTest -->
  <testcase name="assertStatementDownloadTest" time="0.010" classname="testng.TestAttributesExample"/>
  <testcase name="assertStatementDownloadTest" time="0.007" classname="testng.TestAttributesExample"/>
  <testcase name="assertStatementDownloadTest" time="0.018" classname="testng.TestAttributesExample"/>
  <testcase name="assertStatementDownloadTest" time="0.019" classname="testng.TestAttributesExample"/>
  <testcase name="assertStatementDownloadTest" time="0.048" classname="testng.TestAttributesExample"/>
  <testcase name="assertTestE" classname="testng.TestAttributesExample">
    <skipped/>
  </testcase> <!-- assertTestE -->
  <testcase name="assertTestE" classname="testng.TestAttributesExample">
    <skipped/>
  </testcase> <!-- assertTestE -->
  <testcase name="assertTestB" classname="testng.TestAttributesExample">
    <skipped/>
  </testcase> <!-- assertTestB -->
  <testcase name="assertTestB" classname="testng.TestAttributesExample">
    <skipped/>
  </testcase> <!-- assertTestB -->
  <testcase name="assertTestC" classname="testng.TestAttributesExample">
    <skipped/>
  </testcase> <!-- assertTestC -->
  <testcase name="assertTestC" classname="testng.TestAttributesExample">
    <skipped/>
  </testcase> <!-- assertTestC -->
  <testcase name="assertTestD" classname="testng.TestAttributesExample">
    <skipped/>
  </testcase> <!-- assertTestD -->
  <testcase name="assertTestD" classname="testng.TestAttributesExample">
    <skipped/>
  </testcase> <!-- assertTestD -->
  <testcase name="assertTestA" classname="testng.TestAttributesExample">
    <skipped/>
  </testcase> <!-- assertTestA -->
  <testcase name="assertTestA" classname="testng.TestAttributesExample">
    <skipped/>
  </testcase> <!-- assertTestA -->
</testsuite> <!-- testng.TestAttributesExample -->
