<?xml version="1.0" encoding="UTF-8"?>
<!-- Generated by org.testng.reporters.JUnitReportReporter -->
<testsuite skipped="0" hostname="DESKTOP-GDVE49C" name="amazon_book_search.AmazonTest" tests="1" failures="0" timestamp="16 Jun 2020 08:02:20 GMT" time="32.649" errors="0">
  <testcase name="assertBookSearchTest" time="32.649" classname="amazon_book_search.AmazonTest"/>
</testsuite> <!-- amazon_book_search.AmazonTest -->
